The system is: Linux - 3.10.0-957.el7.x86_64 - x86_64
Compiling the C compiler identification source file "CMakeCCompilerId.c" succeeded.
Compiler: /usr/bin/cc 
Build flags: 
Id flags:  

The output was:
0


Compilation of the C compiler identification source "CMakeCCompilerId.c" produced "a.out"

The C compiler identification is GNU, found in "/home/weikang/H-homework/Geant4/examples/basic/B1/build/CMakeFiles/3.16.2/CompilerIdC/a.out"

Compiling the CXX compiler identification source file "CMakeCXXCompilerId.cpp" succeeded.
Compiler: /usr/bin/c++ 
Build flags: 
Id flags:  

The output was:
0


Compilation of the CXX compiler identification source "CMakeCXXCompilerId.cpp" produced "a.out"

The CXX compiler identification is GNU, found in "/home/weikang/H-homework/Geant4/examples/basic/B1/build/CMakeFiles/3.16.2/CompilerIdCXX/a.out"

Determining if the C compiler works passed with the following output:
Change Dir: /home/weikang/H-homework/Geant4/examples/basic/B1/build/CMakeFiles/CMakeTmp

Run Build Command(s):/usr/bin/gmake cmTC_638e5/fast && /usr/bin/gmake -f CMakeFiles/cmTC_638e5.dir/build.make CMakeFiles/cmTC_638e5.dir/build
gmake[1]: Entering directory `/home/weikang/H-homework/Geant4/examples/basic/B1/build/CMakeFiles/CMakeTmp'
Building C object CMakeFiles/cmTC_638e5.dir/testCCompiler.c.o
/usr/bin/cc    -o CMakeFiles/cmTC_638e5.dir/testCCompiler.c.o   -c /home/weikang/H-homework/Geant4/examples/basic/B1/build/CMakeFiles/CMakeTmp/testCCompiler.c
Linking C executable cmTC_638e5
/home/weikang/A-software/cmake3.16/bin/cmake -E cmake_link_script CMakeFiles/cmTC_638e5.dir/link.txt --verbose=1
/usr/bin/cc      CMakeFiles/cmTC_638e5.dir/testCCompiler.c.o  -o cmTC_638e5 
gmake[1]: Leaving directory `/home/weikang/H-homework/Geant4/examples/basic/B1/build/CMakeFiles/CMakeTmp'



Detecting C compiler ABI info compiled with the following output:
Change Dir: /home/weikang/H-homework/Geant4/examples/basic/B1/build/CMakeFiles/CMakeTmp

Run Build Command(s):/usr/bin/gmake cmTC_e6906/fast && /usr/bin/gmake -f CMakeFiles/cmTC_e6906.dir/build.make CMakeFiles/cmTC_e6906.dir/build
gmake[1]: Entering directory `/home/weikang/H-homework/Geant4/examples/basic/B1/build/CMakeFiles/CMakeTmp'
Building C object CMakeFiles/cmTC_e6906.dir/CMakeCCompilerABI.c.o
/usr/bin/cc   -v -o CMakeFiles/cmTC_e6906.dir/CMakeCCompilerABI.c.o   -c /home/weikang/A-software/cmake3.16/share/cmake-3.16/Modules/CMakeCCompilerABI.c
Using built-in specs.
COLLECT_GCC=/usr/bin/cc
Target: x86_64-unknown-linux-gnu
Configured with: ./configure --prefix=/usr --mandir=/usr/share/man --infodir=/usr/share/info --enable-checking=release --enable-languages=c,c++,fortran --disable-multilib
Thread model: posix
gcc version 4.9.2 (GCC) 
COLLECT_GCC_OPTIONS='-v' '-o' 'CMakeFiles/cmTC_e6906.dir/CMakeCCompilerABI.c.o' '-c' '-mtune=generic' '-march=x86-64'
 /usr/libexec/gcc/x86_64-unknown-linux-gnu/4.9.2/cc1 -quiet -v /home/weikang/A-software/cmake3.16/share/cmake-3.16/Modules/CMakeCCompilerABI.c -quiet -dumpbase CMakeCCompilerABI.c -mtune=generic -march=x86-64 -auxbase-strip CMakeFiles/cmTC_e6906.dir/CMakeCCompilerABI.c.o -version -o /tmp/ccFhTU0b.s
GNU C (GCC) version 4.9.2 (x86_64-unknown-linux-gnu)
	compiled by GNU C version 4.9.2, GMP version 4.3.2, MPFR version 2.4.2, MPC version 0.8.1
GGC heuristics: --param ggc-min-expand=100 --param ggc-min-heapsize=131072
ignoring nonexistent directory "/usr/lib/gcc/x86_64-unknown-linux-gnu/4.9.2/../../../../x86_64-unknown-linux-gnu/include"
#include "..." search starts here:
#include <...> search starts here:
 /usr/lib/gcc/x86_64-unknown-linux-gnu/4.9.2/include
 /usr/local/include
 /usr/lib/gcc/x86_64-unknown-linux-gnu/4.9.2/include-fixed
 /usr/include
End of search list.
GNU C (GCC) version 4.9.2 (x86_64-unknown-linux-gnu)
	compiled by GNU C version 4.9.2, GMP version 4.3.2, MPFR version 2.4.2, MPC version 0.8.1
GGC heuristics: --param ggc-min-expand=100 --param ggc-min-heapsize=131072
Compiler executable checksum: 653827c70bc7d005cf7987404cc21df1
COLLECT_GCC_OPTIONS='-v' '-o' 'CMakeFiles/cmTC_e6906.dir/CMakeCCompilerABI.c.o' '-c' '-mtune=generic' '-march=x86-64'
 as -v --64 -o CMakeFiles/cmTC_e6906.dir/CMakeCCompilerABI.c.o /tmp/ccFhTU0b.s
GNU assembler version 2.27 (x86_64-redhat-linux) using BFD version version 2.27-41.base.el7
COMPILER_PATH=/usr/libexec/gcc/x86_64-unknown-linux-gnu/4.9.2/:/usr/libexec/gcc/x86_64-unknown-linux-gnu/4.9.2/:/usr/libexec/gcc/x86_64-unknown-linux-gnu/:/usr/lib/gcc/x86_64-unknown-linux-gnu/4.9.2/:/usr/lib/gcc/x86_64-unknown-linux-gnu/
LIBRARY_PATH=/usr/lib/gcc/x86_64-unknown-linux-gnu/4.9.2/:/usr/lib/gcc/x86_64-unknown-linux-gnu/4.9.2/../../../../lib64/:/lib/../lib64/:/usr/lib/../lib64/:/usr/lib/gcc/x86_64-unknown-linux-gnu/4.9.2/../../../:/lib/:/usr/lib/
COLLECT_GCC_OPTIONS='-v' '-o' 'CMakeFiles/cmTC_e6906.dir/CMakeCCompilerABI.c.o' '-c' '-mtune=generic' '-march=x86-64'
Linking C executable cmTC_e6906
/home/weikang/A-software/cmake3.16/bin/cmake -E cmake_link_script CMakeFiles/cmTC_e6906.dir/link.txt --verbose=1
/usr/bin/cc     -v CMakeFiles/cmTC_e6906.dir/CMakeCCompilerABI.c.o  -o cmTC_e6906 
Using built-in specs.
COLLECT_GCC=/usr/bin/cc
COLLECT_LTO_WRAPPER=/usr/libexec/gcc/x86_64-unknown-linux-gnu/4.9.2/lto-wrapper
Target: x86_64-unknown-linux-gnu
Configured with: ./configure --prefix=/usr --mandir=/usr/share/man --infodir=/usr/share/info --enable-checking=release --enable-languages=c,c++,fortran --disable-multilib
Thread model: posix
gcc version 4.9.2 (GCC) 
COMPILER_PATH=/usr/libexec/gcc/x86_64-unknown-linux-gnu/4.9.2/:/usr/libexec/gcc/x86_64-unknown-linux-gnu/4.9.2/:/usr/libexec/gcc/x86_64-unknown-linux-gnu/:/usr/lib/gcc/x86_64-unknown-linux-gnu/4.9.2/:/usr/lib/gcc/x86_64-unknown-linux-gnu/
LIBRARY_PATH=/usr/lib/gcc/x86_64-unknown-linux-gnu/4.9.2/:/usr/lib/gcc/x86_64-unknown-linux-gnu/4.9.2/../../../../lib64/:/lib/../lib64/:/usr/lib/../lib64/:/usr/lib/gcc/x86_64-unknown-linux-gnu/4.9.2/../../../:/lib/:/usr/lib/
COLLECT_GCC_OPTIONS='-v' '-o' 'cmTC_e6906' '-mtune=generic' '-march=x86-64'
 /usr/libexec/gcc/x86_64-unknown-linux-gnu/4.9.2/collect2 --eh-frame-hdr -m elf_x86_64 -dynamic-linker /lib64/ld-linux-x86-64.so.2 -o cmTC_e6906 /usr/lib/gcc/x86_64-unknown-linux-gnu/4.9.2/../../../../lib64/crt1.o /usr/lib/gcc/x86_64-unknown-linux-gnu/4.9.2/../../../../lib64/crti.o /usr/lib/gcc/x86_64-unknown-linux-gnu/4.9.2/crtbegin.o -L/usr/lib/gcc/x86_64-unknown-linux-gnu/4.9.2 -L/usr/lib/gcc/x86_64-unknown-linux-gnu/4.9.2/../../../../lib64 -L/lib/../lib64 -L/usr/lib/../lib64 -L/usr/lib/gcc/x86_64-unknown-linux-gnu/4.9.2/../../.. CMakeFiles/cmTC_e6906.dir/CMakeCCompilerABI.c.o -lgcc --as-needed -lgcc_s --no-as-needed -lc -lgcc --as-needed -lgcc_s --no-as-needed /usr/lib/gcc/x86_64-unknown-linux-gnu/4.9.2/crtend.o /usr/lib/gcc/x86_64-unknown-linux-gnu/4.9.2/../../../../lib64/crtn.o
gmake[1]: Leaving directory `/home/weikang/H-homework/Geant4/examples/basic/B1/build/CMakeFiles/CMakeTmp'



Parsed C implicit include dir info from above output: rv=done
  found start of include info
  found start of implicit include info
    add: [/usr/lib/gcc/x86_64-unknown-linux-gnu/4.9.2/include]
    add: [/usr/local/include]
    add: [/usr/lib/gcc/x86_64-unknown-linux-gnu/4.9.2/include-fixed]
    add: [/usr/include]
  end of search list found
  collapse include dir [/usr/lib/gcc/x86_64-unknown-linux-gnu/4.9.2/include] ==> [/usr/lib/gcc/x86_64-unknown-linux-gnu/4.9.2/include]
  collapse include dir [/usr/local/include] ==> [/usr/local/include]
  collapse include dir [/usr/lib/gcc/x86_64-unknown-linux-gnu/4.9.2/include-fixed] ==> [/usr/lib/gcc/x86_64-unknown-linux-gnu/4.9.2/include-fixed]
  collapse include dir [/usr/include] ==> [/usr/include]
  implicit include dirs: [/usr/lib/gcc/x86_64-unknown-linux-gnu/4.9.2/include;/usr/local/include;/usr/lib/gcc/x86_64-unknown-linux-gnu/4.9.2/include-fixed;/usr/include]


Parsed C implicit link information from above output:
  link line regex: [^( *|.*[/\])(ld|CMAKE_LINK_STARTFILE-NOTFOUND|([^/\]+-)?ld|collect2)[^/\]*( |$)]
  ignore line: [Change Dir: /home/weikang/H-homework/Geant4/examples/basic/B1/build/CMakeFiles/CMakeTmp]
  ignore line: []
  ignore line: [Run Build Command(s):/usr/bin/gmake cmTC_e6906/fast && /usr/bin/gmake -f CMakeFiles/cmTC_e6906.dir/build.make CMakeFiles/cmTC_e6906.dir/build]
  ignore line: [gmake[1]: Entering directory `/home/weikang/H-homework/Geant4/examples/basic/B1/build/CMakeFiles/CMakeTmp']
  ignore line: [Building C object CMakeFiles/cmTC_e6906.dir/CMakeCCompilerABI.c.o]
  ignore line: [/usr/bin/cc   -v -o CMakeFiles/cmTC_e6906.dir/CMakeCCompilerABI.c.o   -c /home/weikang/A-software/cmake3.16/share/cmake-3.16/Modules/CMakeCCompilerABI.c]
  ignore line: [Using built-in specs.]
  ignore line: [COLLECT_GCC=/usr/bin/cc]
  ignore line: [Target: x86_64-unknown-linux-gnu]
  ignore line: [Configured with: ./configure --prefix=/usr --mandir=/usr/share/man --infodir=/usr/share/info --enable-checking=release --enable-languages=c c++ fortran --disable-multilib]
  ignore line: [Thread model: posix]
  ignore line: [gcc version 4.9.2 (GCC) ]
  ignore line: [COLLECT_GCC_OPTIONS='-v' '-o' 'CMakeFiles/cmTC_e6906.dir/CMakeCCompilerABI.c.o' '-c' '-mtune=generic' '-march=x86-64']
  ignore line: [ /usr/libexec/gcc/x86_64-unknown-linux-gnu/4.9.2/cc1 -quiet -v /home/weikang/A-software/cmake3.16/share/cmake-3.16/Modules/CMakeCCompilerABI.c -quiet -dumpbase CMakeCCompilerABI.c -mtune=generic -march=x86-64 -auxbase-strip CMakeFiles/cmTC_e6906.dir/CMakeCCompilerABI.c.o -version -o /tmp/ccFhTU0b.s]
  ignore line: [GNU C (GCC) version 4.9.2 (x86_64-unknown-linux-gnu)]
  ignore line: [	compiled by GNU C version 4.9.2  GMP version 4.3.2  MPFR version 2.4.2  MPC version 0.8.1]
  ignore line: [GGC heuristics: --param ggc-min-expand=100 --param ggc-min-heapsize=131072]
  ignore line: [ignoring nonexistent directory "/usr/lib/gcc/x86_64-unknown-linux-gnu/4.9.2/../../../../x86_64-unknown-linux-gnu/include"]
  ignore line: [#include "..." search starts here:]
  ignore line: [#include <...> search starts here:]
  ignore line: [ /usr/lib/gcc/x86_64-unknown-linux-gnu/4.9.2/include]
  ignore line: [ /usr/local/include]
  ignore line: [ /usr/lib/gcc/x86_64-unknown-linux-gnu/4.9.2/include-fixed]
  ignore line: [ /usr/include]
  ignore line: [End of search list.]
  ignore line: [GNU C (GCC) version 4.9.2 (x86_64-unknown-linux-gnu)]
  ignore line: [	compiled by GNU C version 4.9.2  GMP version 4.3.2  MPFR version 2.4.2  MPC version 0.8.1]
  ignore line: [GGC heuristics: --param ggc-min-expand=100 --param ggc-min-heapsize=131072]
  ignore line: [Compiler executable checksum: 653827c70bc7d005cf7987404cc21df1]
  ignore line: [COLLECT_GCC_OPTIONS='-v' '-o' 'CMakeFiles/cmTC_e6906.dir/CMakeCCompilerABI.c.o' '-c' '-mtune=generic' '-march=x86-64']
  ignore line: [ as -v --64 -o CMakeFiles/cmTC_e6906.dir/CMakeCCompilerABI.c.o /tmp/ccFhTU0b.s]
  ignore line: [GNU assembler version 2.27 (x86_64-redhat-linux) using BFD version version 2.27-41.base.el7]
  ignore line: [COMPILER_PATH=/usr/libexec/gcc/x86_64-unknown-linux-gnu/4.9.2/:/usr/libexec/gcc/x86_64-unknown-linux-gnu/4.9.2/:/usr/libexec/gcc/x86_64-unknown-linux-gnu/:/usr/lib/gcc/x86_64-unknown-linux-gnu/4.9.2/:/usr/lib/gcc/x86_64-unknown-linux-gnu/]
  ignore line: [LIBRARY_PATH=/usr/lib/gcc/x86_64-unknown-linux-gnu/4.9.2/:/usr/lib/gcc/x86_64-unknown-linux-gnu/4.9.2/../../../../lib64/:/lib/../lib64/:/usr/lib/../lib64/:/usr/lib/gcc/x86_64-unknown-linux-gnu/4.9.2/../../../:/lib/:/usr/lib/]
  ignore line: [COLLECT_GCC_OPTIONS='-v' '-o' 'CMakeFiles/cmTC_e6906.dir/CMakeCCompilerABI.c.o' '-c' '-mtune=generic' '-march=x86-64']
  ignore line: [Linking C executable cmTC_e6906]
  ignore line: [/home/weikang/A-software/cmake3.16/bin/cmake -E cmake_link_script CMakeFiles/cmTC_e6906.dir/link.txt --verbose=1]
  ignore line: [/usr/bin/cc     -v CMakeFiles/cmTC_e6906.dir/CMakeCCompilerABI.c.o  -o cmTC_e6906 ]
  ignore line: [Using built-in specs.]
  ignore line: [COLLECT_GCC=/usr/bin/cc]
  ignore line: [COLLECT_LTO_WRAPPER=/usr/libexec/gcc/x86_64-unknown-linux-gnu/4.9.2/lto-wrapper]
  ignore line: [Target: x86_64-unknown-linux-gnu]
  ignore line: [Configured with: ./configure --prefix=/usr --mandir=/usr/share/man --infodir=/usr/share/info --enable-checking=release --enable-languages=c c++ fortran --disable-multilib]
  ignore line: [Thread model: posix]
  ignore line: [gcc version 4.9.2 (GCC) ]
  ignore line: [COMPILER_PATH=/usr/libexec/gcc/x86_64-unknown-linux-gnu/4.9.2/:/usr/libexec/gcc/x86_64-unknown-linux-gnu/4.9.2/:/usr/libexec/gcc/x86_64-unknown-linux-gnu/:/usr/lib/gcc/x86_64-unknown-linux-gnu/4.9.2/:/usr/lib/gcc/x86_64-unknown-linux-gnu/]
  ignore line: [LIBRARY_PATH=/usr/lib/gcc/x86_64-unknown-linux-gnu/4.9.2/:/usr/lib/gcc/x86_64-unknown-linux-gnu/4.9.2/../../../../lib64/:/lib/../lib64/:/usr/lib/../lib64/:/usr/lib/gcc/x86_64-unknown-linux-gnu/4.9.2/../../../:/lib/:/usr/lib/]
  ignore line: [COLLECT_GCC_OPTIONS='-v' '-o' 'cmTC_e6906' '-mtune=generic' '-march=x86-64']
  link line: [ /usr/libexec/gcc/x86_64-unknown-linux-gnu/4.9.2/collect2 --eh-frame-hdr -m elf_x86_64 -dynamic-linker /lib64/ld-linux-x86-64.so.2 -o cmTC_e6906 /usr/lib/gcc/x86_64-unknown-linux-gnu/4.9.2/../../../../lib64/crt1.o /usr/lib/gcc/x86_64-unknown-linux-gnu/4.9.2/../../../../lib64/crti.o /usr/lib/gcc/x86_64-unknown-linux-gnu/4.9.2/crtbegin.o -L/usr/lib/gcc/x86_64-unknown-linux-gnu/4.9.2 -L/usr/lib/gcc/x86_64-unknown-linux-gnu/4.9.2/../../../../lib64 -L/lib/../lib64 -L/usr/lib/../lib64 -L/usr/lib/gcc/x86_64-unknown-linux-gnu/4.9.2/../../.. CMakeFiles/cmTC_e6906.dir/CMakeCCompilerABI.c.o -lgcc --as-needed -lgcc_s --no-as-needed -lc -lgcc --as-needed -lgcc_s --no-as-needed /usr/lib/gcc/x86_64-unknown-linux-gnu/4.9.2/crtend.o /usr/lib/gcc/x86_64-unknown-linux-gnu/4.9.2/../../../../lib64/crtn.o]
    arg [/usr/libexec/gcc/x86_64-unknown-linux-gnu/4.9.2/collect2] ==> ignore
    arg [--eh-frame-hdr] ==> ignore
    arg [-m] ==> ignore
    arg [elf_x86_64] ==> ignore
    arg [-dynamic-linker] ==> ignore
    arg [/lib64/ld-linux-x86-64.so.2] ==> ignore
    arg [-o] ==> ignore
    arg [cmTC_e6906] ==> ignore
    arg [/usr/lib/gcc/x86_64-unknown-linux-gnu/4.9.2/../../../../lib64/crt1.o] ==> ignore
    arg [/usr/lib/gcc/x86_64-unknown-linux-gnu/4.9.2/../../../../lib64/crti.o] ==> ignore
    arg [/usr/lib/gcc/x86_64-unknown-linux-gnu/4.9.2/crtbegin.o] ==> ignore
    arg [-L/usr/lib/gcc/x86_64-unknown-linux-gnu/4.9.2] ==> dir [/usr/lib/gcc/x86_64-unknown-linux-gnu/4.9.2]
    arg [-L/usr/lib/gcc/x86_64-unknown-linux-gnu/4.9.2/../../../../lib64] ==> dir [/usr/lib/gcc/x86_64-unknown-linux-gnu/4.9.2/../../../../lib64]
    arg [-L/lib/../lib64] ==> dir [/lib/../lib64]
    arg [-L/usr/lib/../lib64] ==> dir [/usr/lib/../lib64]
    arg [-L/usr/lib/gcc/x86_64-unknown-linux-gnu/4.9.2/../../..] ==> dir [/usr/lib/gcc/x86_64-unknown-linux-gnu/4.9.2/../../..]
    arg [CMakeFiles/cmTC_e6906.dir/CMakeCCompilerABI.c.o] ==> ignore
    arg [-lgcc] ==> lib [gcc]
    arg [--as-needed] ==> ignore
    arg [-lgcc_s] ==> lib [gcc_s]
    arg [--no-as-needed] ==> ignore
    arg [-lc] ==> lib [c]
    arg [-lgcc] ==> lib [gcc]
    arg [--as-needed] ==> ignore
    arg [-lgcc_s] ==> lib [gcc_s]
    arg [--no-as-needed] ==> ignore
    arg [/usr/lib/gcc/x86_64-unknown-linux-gnu/4.9.2/crtend.o] ==> ignore
    arg [/usr/lib/gcc/x86_64-unknown-linux-gnu/4.9.2/../../../../lib64/crtn.o] ==> ignore
  collapse library dir [/usr/lib/gcc/x86_64-unknown-linux-gnu/4.9.2] ==> [/usr/lib/gcc/x86_64-unknown-linux-gnu/4.9.2]
  collapse library dir [/usr/lib/gcc/x86_64-unknown-linux-gnu/4.9.2/../../../../lib64] ==> [/usr/lib64]
  collapse library dir [/lib/../lib64] ==> [/lib64]
  collapse library dir [/usr/lib/../lib64] ==> [/usr/lib64]
  collapse library dir [/usr/lib/gcc/x86_64-unknown-linux-gnu/4.9.2/../../..] ==> [/usr/lib]
  implicit libs: [gcc;gcc_s;c;gcc;gcc_s]
  implicit dirs: [/usr/lib/gcc/x86_64-unknown-linux-gnu/4.9.2;/usr/lib64;/lib64;/usr/lib]
  implicit fwks: []


Determining if the CXX compiler works passed with the following output:
Change Dir: /home/weikang/H-homework/Geant4/examples/basic/B1/build/CMakeFiles/CMakeTmp

Run Build Command(s):/usr/bin/gmake cmTC_d31dc/fast && /usr/bin/gmake -f CMakeFiles/cmTC_d31dc.dir/build.make CMakeFiles/cmTC_d31dc.dir/build
gmake[1]: Entering directory `/home/weikang/H-homework/Geant4/examples/basic/B1/build/CMakeFiles/CMakeTmp'
Building CXX object CMakeFiles/cmTC_d31dc.dir/testCXXCompiler.cxx.o
/usr/bin/c++     -o CMakeFiles/cmTC_d31dc.dir/testCXXCompiler.cxx.o -c /home/weikang/H-homework/Geant4/examples/basic/B1/build/CMakeFiles/CMakeTmp/testCXXCompiler.cxx
Linking CXX executable cmTC_d31dc
/home/weikang/A-software/cmake3.16/bin/cmake -E cmake_link_script CMakeFiles/cmTC_d31dc.dir/link.txt --verbose=1
/usr/bin/c++       CMakeFiles/cmTC_d31dc.dir/testCXXCompiler.cxx.o  -o cmTC_d31dc 
gmake[1]: Leaving directory `/home/weikang/H-homework/Geant4/examples/basic/B1/build/CMakeFiles/CMakeTmp'



Detecting CXX compiler ABI info compiled with the following output:
Change Dir: /home/weikang/H-homework/Geant4/examples/basic/B1/build/CMakeFiles/CMakeTmp

Run Build Command(s):/usr/bin/gmake cmTC_0fd26/fast && /usr/bin/gmake -f CMakeFiles/cmTC_0fd26.dir/build.make CMakeFiles/cmTC_0fd26.dir/build
gmake[1]: Entering directory `/home/weikang/H-homework/Geant4/examples/basic/B1/build/CMakeFiles/CMakeTmp'
Building CXX object CMakeFiles/cmTC_0fd26.dir/CMakeCXXCompilerABI.cpp.o
/usr/bin/c++    -v -o CMakeFiles/cmTC_0fd26.dir/CMakeCXXCompilerABI.cpp.o -c /home/weikang/A-software/cmake3.16/share/cmake-3.16/Modules/CMakeCXXCompilerABI.cpp
Using built-in specs.
COLLECT_GCC=/usr/bin/c++
Target: x86_64-unknown-linux-gnu
Configured with: ./configure --prefix=/usr --mandir=/usr/share/man --infodir=/usr/share/info --enable-checking=release --enable-languages=c,c++,fortran --disable-multilib
Thread model: posix
gcc version 4.9.2 (GCC) 
COLLECT_GCC_OPTIONS='-v' '-o' 'CMakeFiles/cmTC_0fd26.dir/CMakeCXXCompilerABI.cpp.o' '-c' '-shared-libgcc' '-mtune=generic' '-march=x86-64'
 /usr/libexec/gcc/x86_64-unknown-linux-gnu/4.9.2/cc1plus -quiet -v -D_GNU_SOURCE /home/weikang/A-software/cmake3.16/share/cmake-3.16/Modules/CMakeCXXCompilerABI.cpp -quiet -dumpbase CMakeCXXCompilerABI.cpp -mtune=generic -march=x86-64 -auxbase-strip CMakeFiles/cmTC_0fd26.dir/CMakeCXXCompilerABI.cpp.o -version -o /tmp/ccTWbROp.s
GNU C++ (GCC) version 4.9.2 (x86_64-unknown-linux-gnu)
	compiled by GNU C version 4.9.2, GMP version 4.3.2, MPFR version 2.4.2, MPC version 0.8.1
GGC heuristics: --param ggc-min-expand=100 --param ggc-min-heapsize=131072
ignoring nonexistent directory "/usr/lib/gcc/x86_64-unknown-linux-gnu/4.9.2/../../../../x86_64-unknown-linux-gnu/include"
#include "..." search starts here:
#include <...> search starts here:
 /usr/lib/gcc/x86_64-unknown-linux-gnu/4.9.2/../../../../include/c++/4.9.2
 /usr/lib/gcc/x86_64-unknown-linux-gnu/4.9.2/../../../../include/c++/4.9.2/x86_64-unknown-linux-gnu
 /usr/lib/gcc/x86_64-unknown-linux-gnu/4.9.2/../../../../include/c++/4.9.2/backward
 /usr/lib/gcc/x86_64-unknown-linux-gnu/4.9.2/include
 /usr/local/include
 /usr/lib/gcc/x86_64-unknown-linux-gnu/4.9.2/include-fixed
 /usr/include
End of search list.
GNU C++ (GCC) version 4.9.2 (x86_64-unknown-linux-gnu)
	compiled by GNU C version 4.9.2, GMP version 4.3.2, MPFR version 2.4.2, MPC version 0.8.1
GGC heuristics: --param ggc-min-expand=100 --param ggc-min-heapsize=131072
Compiler executable checksum: cd8988bc61379c3a6a9c65561a34614b
COLLECT_GCC_OPTIONS='-v' '-o' 'CMakeFiles/cmTC_0fd26.dir/CMakeCXXCompilerABI.cpp.o' '-c' '-shared-libgcc' '-mtune=generic' '-march=x86-64'
 as -v --64 -o CMakeFiles/cmTC_0fd26.dir/CMakeCXXCompilerABI.cpp.o /tmp/ccTWbROp.s
GNU assembler version 2.27 (x86_64-redhat-linux) using BFD version version 2.27-41.base.el7
COMPILER_PATH=/usr/libexec/gcc/x86_64-unknown-linux-gnu/4.9.2/:/usr/libexec/gcc/x86_64-unknown-linux-gnu/4.9.2/:/usr/libexec/gcc/x86_64-unknown-linux-gnu/:/usr/lib/gcc/x86_64-unknown-linux-gnu/4.9.2/:/usr/lib/gcc/x86_64-unknown-linux-gnu/
LIBRARY_PATH=/usr/lib/gcc/x86_64-unknown-linux-gnu/4.9.2/:/usr/lib/gcc/x86_64-unknown-linux-gnu/4.9.2/../../../../lib64/:/lib/../lib64/:/usr/lib/../lib64/:/usr/lib/gcc/x86_64-unknown-linux-gnu/4.9.2/../../../:/lib/:/usr/lib/
COLLECT_GCC_OPTIONS='-v' '-o' 'CMakeFiles/cmTC_0fd26.dir/CMakeCXXCompilerABI.cpp.o' '-c' '-shared-libgcc' '-mtune=generic' '-march=x86-64'
Linking CXX executable cmTC_0fd26
/home/weikang/A-software/cmake3.16/bin/cmake -E cmake_link_script CMakeFiles/cmTC_0fd26.dir/link.txt --verbose=1
/usr/bin/c++      -v CMakeFiles/cmTC_0fd26.dir/CMakeCXXCompilerABI.cpp.o  -o cmTC_0fd26 
Using built-in specs.
COLLECT_GCC=/usr/bin/c++
COLLECT_LTO_WRAPPER=/usr/libexec/gcc/x86_64-unknown-linux-gnu/4.9.2/lto-wrapper
Target: x86_64-unknown-linux-gnu
Configured with: ./configure --prefix=/usr --mandir=/usr/share/man --infodir=/usr/share/info --enable-checking=release --enable-languages=c,c++,fortran --disable-multilib
Thread model: posix
gcc version 4.9.2 (GCC) 
COMPILER_PATH=/usr/libexec/gcc/x86_64-unknown-linux-gnu/4.9.2/:/usr/libexec/gcc/x86_64-unknown-linux-gnu/4.9.2/:/usr/libexec/gcc/x86_64-unknown-linux-gnu/:/usr/lib/gcc/x86_64-unknown-linux-gnu/4.9.2/:/usr/lib/gcc/x86_64-unknown-linux-gnu/
LIBRARY_PATH=/usr/lib/gcc/x86_64-unknown-linux-gnu/4.9.2/:/usr/lib/gcc/x86_64-unknown-linux-gnu/4.9.2/../../../../lib64/:/lib/../lib64/:/usr/lib/../lib64/:/usr/lib/gcc/x86_64-unknown-linux-gnu/4.9.2/../../../:/lib/:/usr/lib/
COLLECT_GCC_OPTIONS='-v' '-o' 'cmTC_0fd26' '-shared-libgcc' '-mtune=generic' '-march=x86-64'
 /usr/libexec/gcc/x86_64-unknown-linux-gnu/4.9.2/collect2 --eh-frame-hdr -m elf_x86_64 -dynamic-linker /lib64/ld-linux-x86-64.so.2 -o cmTC_0fd26 /usr/lib/gcc/x86_64-unknown-linux-gnu/4.9.2/../../../../lib64/crt1.o /usr/lib/gcc/x86_64-unknown-linux-gnu/4.9.2/../../../../lib64/crti.o /usr/lib/gcc/x86_64-unknown-linux-gnu/4.9.2/crtbegin.o -L/usr/lib/gcc/x86_64-unknown-linux-gnu/4.9.2 -L/usr/lib/gcc/x86_64-unknown-linux-gnu/4.9.2/../../../../lib64 -L/lib/../lib64 -L/usr/lib/../lib64 -L/usr/lib/gcc/x86_64-unknown-linux-gnu/4.9.2/../../.. CMakeFiles/cmTC_0fd26.dir/CMakeCXXCompilerABI.cpp.o -lstdc++ -lm -lgcc_s -lgcc -lc -lgcc_s -lgcc /usr/lib/gcc/x86_64-unknown-linux-gnu/4.9.2/crtend.o /usr/lib/gcc/x86_64-unknown-linux-gnu/4.9.2/../../../../lib64/crtn.o
gmake[1]: Leaving directory `/home/weikang/H-homework/Geant4/examples/basic/B1/build/CMakeFiles/CMakeTmp'



Parsed CXX implicit include dir info from above output: rv=done
  found start of include info
  found start of implicit include info
    add: [/usr/lib/gcc/x86_64-unknown-linux-gnu/4.9.2/../../../../include/c++/4.9.2]
    add: [/usr/lib/gcc/x86_64-unknown-linux-gnu/4.9.2/../../../../include/c++/4.9.2/x86_64-unknown-linux-gnu]
    add: [/usr/lib/gcc/x86_64-unknown-linux-gnu/4.9.2/../../../../include/c++/4.9.2/backward]
    add: [/usr/lib/gcc/x86_64-unknown-linux-gnu/4.9.2/include]
    add: [/usr/local/include]
    add: [/usr/lib/gcc/x86_64-unknown-linux-gnu/4.9.2/include-fixed]
    add: [/usr/include]
  end of search list found
  collapse include dir [/usr/lib/gcc/x86_64-unknown-linux-gnu/4.9.2/../../../../include/c++/4.9.2] ==> [/usr/include/c++/4.9.2]
  collapse include dir [/usr/lib/gcc/x86_64-unknown-linux-gnu/4.9.2/../../../../include/c++/4.9.2/x86_64-unknown-linux-gnu] ==> [/usr/include/c++/4.9.2/x86_64-unknown-linux-gnu]
  collapse include dir [/usr/lib/gcc/x86_64-unknown-linux-gnu/4.9.2/../../../../include/c++/4.9.2/backward] ==> [/usr/include/c++/4.9.2/backward]
  collapse include dir [/usr/lib/gcc/x86_64-unknown-linux-gnu/4.9.2/include] ==> [/usr/lib/gcc/x86_64-unknown-linux-gnu/4.9.2/include]
  collapse include dir [/usr/local/include] ==> [/usr/local/include]
  collapse include dir [/usr/lib/gcc/x86_64-unknown-linux-gnu/4.9.2/include-fixed] ==> [/usr/lib/gcc/x86_64-unknown-linux-gnu/4.9.2/include-fixed]
  collapse include dir [/usr/include] ==> [/usr/include]
  implicit include dirs: [/usr/include/c++/4.9.2;/usr/include/c++/4.9.2/x86_64-unknown-linux-gnu;/usr/include/c++/4.9.2/backward;/usr/lib/gcc/x86_64-unknown-linux-gnu/4.9.2/include;/usr/local/include;/usr/lib/gcc/x86_64-unknown-linux-gnu/4.9.2/include-fixed;/usr/include]


Parsed CXX implicit link information from above output:
  link line regex: [^( *|.*[/\])(ld|CMAKE_LINK_STARTFILE-NOTFOUND|([^/\]+-)?ld|collect2)[^/\]*( |$)]
  ignore line: [Change Dir: /home/weikang/H-homework/Geant4/examples/basic/B1/build/CMakeFiles/CMakeTmp]
  ignore line: []
  ignore line: [Run Build Command(s):/usr/bin/gmake cmTC_0fd26/fast && /usr/bin/gmake -f CMakeFiles/cmTC_0fd26.dir/build.make CMakeFiles/cmTC_0fd26.dir/build]
  ignore line: [gmake[1]: Entering directory `/home/weikang/H-homework/Geant4/examples/basic/B1/build/CMakeFiles/CMakeTmp']
  ignore line: [Building CXX object CMakeFiles/cmTC_0fd26.dir/CMakeCXXCompilerABI.cpp.o]
  ignore line: [/usr/bin/c++    -v -o CMakeFiles/cmTC_0fd26.dir/CMakeCXXCompilerABI.cpp.o -c /home/weikang/A-software/cmake3.16/share/cmake-3.16/Modules/CMakeCXXCompilerABI.cpp]
  ignore line: [Using built-in specs.]
  ignore line: [COLLECT_GCC=/usr/bin/c++]
  ignore line: [Target: x86_64-unknown-linux-gnu]
  ignore line: [Configured with: ./configure --prefix=/usr --mandir=/usr/share/man --infodir=/usr/share/info --enable-checking=release --enable-languages=c c++ fortran --disable-multilib]
  ignore line: [Thread model: posix]
  ignore line: [gcc version 4.9.2 (GCC) ]
  ignore line: [COLLECT_GCC_OPTIONS='-v' '-o' 'CMakeFiles/cmTC_0fd26.dir/CMakeCXXCompilerABI.cpp.o' '-c' '-shared-libgcc' '-mtune=generic' '-march=x86-64']
  ignore line: [ /usr/libexec/gcc/x86_64-unknown-linux-gnu/4.9.2/cc1plus -quiet -v -D_GNU_SOURCE /home/weikang/A-software/cmake3.16/share/cmake-3.16/Modules/CMakeCXXCompilerABI.cpp -quiet -dumpbase CMakeCXXCompilerABI.cpp -mtune=generic -march=x86-64 -auxbase-strip CMakeFiles/cmTC_0fd26.dir/CMakeCXXCompilerABI.cpp.o -version -o /tmp/ccTWbROp.s]
  ignore line: [GNU C++ (GCC) version 4.9.2 (x86_64-unknown-linux-gnu)]
  ignore line: [	compiled by GNU C version 4.9.2  GMP version 4.3.2  MPFR version 2.4.2  MPC version 0.8.1]
  ignore line: [GGC heuristics: --param ggc-min-expand=100 --param ggc-min-heapsize=131072]
  ignore line: [ignoring nonexistent directory "/usr/lib/gcc/x86_64-unknown-linux-gnu/4.9.2/../../../../x86_64-unknown-linux-gnu/include"]
  ignore line: [#include "..." search starts here:]
  ignore line: [#include <...> search starts here:]
  ignore line: [ /usr/lib/gcc/x86_64-unknown-linux-gnu/4.9.2/../../../../include/c++/4.9.2]
  ignore line: [ /usr/lib/gcc/x86_64-unknown-linux-gnu/4.9.2/../../../../include/c++/4.9.2/x86_64-unknown-linux-gnu]
  ignore line: [ /usr/lib/gcc/x86_64-unknown-linux-gnu/4.9.2/../../../../include/c++/4.9.2/backward]
  ignore line: [ /usr/lib/gcc/x86_64-unknown-linux-gnu/4.9.2/include]
  ignore line: [ /usr/local/include]
  ignore line: [ /usr/lib/gcc/x86_64-unknown-linux-gnu/4.9.2/include-fixed]
  ignore line: [ /usr/include]
  ignore line: [End of search list.]
  ignore line: [GNU C++ (GCC) version 4.9.2 (x86_64-unknown-linux-gnu)]
  ignore line: [	compiled by GNU C version 4.9.2  GMP version 4.3.2  MPFR version 2.4.2  MPC version 0.8.1]
  ignore line: [GGC heuristics: --param ggc-min-expand=100 --param ggc-min-heapsize=131072]
  ignore line: [Compiler executable checksum: cd8988bc61379c3a6a9c65561a34614b]
  ignore line: [COLLECT_GCC_OPTIONS='-v' '-o' 'CMakeFiles/cmTC_0fd26.dir/CMakeCXXCompilerABI.cpp.o' '-c' '-shared-libgcc' '-mtune=generic' '-march=x86-64']
  ignore line: [ as -v --64 -o CMakeFiles/cmTC_0fd26.dir/CMakeCXXCompilerABI.cpp.o /tmp/ccTWbROp.s]
  ignore line: [GNU assembler version 2.27 (x86_64-redhat-linux) using BFD version version 2.27-41.base.el7]
  ignore line: [COMPILER_PATH=/usr/libexec/gcc/x86_64-unknown-linux-gnu/4.9.2/:/usr/libexec/gcc/x86_64-unknown-linux-gnu/4.9.2/:/usr/libexec/gcc/x86_64-unknown-linux-gnu/:/usr/lib/gcc/x86_64-unknown-linux-gnu/4.9.2/:/usr/lib/gcc/x86_64-unknown-linux-gnu/]
  ignore line: [LIBRARY_PATH=/usr/lib/gcc/x86_64-unknown-linux-gnu/4.9.2/:/usr/lib/gcc/x86_64-unknown-linux-gnu/4.9.2/../../../../lib64/:/lib/../lib64/:/usr/lib/../lib64/:/usr/lib/gcc/x86_64-unknown-linux-gnu/4.9.2/../../../:/lib/:/usr/lib/]
  ignore line: [COLLECT_GCC_OPTIONS='-v' '-o' 'CMakeFiles/cmTC_0fd26.dir/CMakeCXXCompilerABI.cpp.o' '-c' '-shared-libgcc' '-mtune=generic' '-march=x86-64']
  ignore line: [Linking CXX executable cmTC_0fd26]
  ignore line: [/home/weikang/A-software/cmake3.16/bin/cmake -E cmake_link_script CMakeFiles/cmTC_0fd26.dir/link.txt --verbose=1]
  ignore line: [/usr/bin/c++      -v CMakeFiles/cmTC_0fd26.dir/CMakeCXXCompilerABI.cpp.o  -o cmTC_0fd26 ]
  ignore line: [Using built-in specs.]
  ignore line: [COLLECT_GCC=/usr/bin/c++]
  ignore line: [COLLECT_LTO_WRAPPER=/usr/libexec/gcc/x86_64-unknown-linux-gnu/4.9.2/lto-wrapper]
  ignore line: [Target: x86_64-unknown-linux-gnu]
  ignore line: [Configured with: ./configure --prefix=/usr --mandir=/usr/share/man --infodir=/usr/share/info --enable-checking=release --enable-languages=c c++ fortran --disable-multilib]
  ignore line: [Thread model: posix]
  ignore line: [gcc version 4.9.2 (GCC) ]
  ignore line: [COMPILER_PATH=/usr/libexec/gcc/x86_64-unknown-linux-gnu/4.9.2/:/usr/libexec/gcc/x86_64-unknown-linux-gnu/4.9.2/:/usr/libexec/gcc/x86_64-unknown-linux-gnu/:/usr/lib/gcc/x86_64-unknown-linux-gnu/4.9.2/:/usr/lib/gcc/x86_64-unknown-linux-gnu/]
  ignore line: [LIBRARY_PATH=/usr/lib/gcc/x86_64-unknown-linux-gnu/4.9.2/:/usr/lib/gcc/x86_64-unknown-linux-gnu/4.9.2/../../../../lib64/:/lib/../lib64/:/usr/lib/../lib64/:/usr/lib/gcc/x86_64-unknown-linux-gnu/4.9.2/../../../:/lib/:/usr/lib/]
  ignore line: [COLLECT_GCC_OPTIONS='-v' '-o' 'cmTC_0fd26' '-shared-libgcc' '-mtune=generic' '-march=x86-64']
  link line: [ /usr/libexec/gcc/x86_64-unknown-linux-gnu/4.9.2/collect2 --eh-frame-hdr -m elf_x86_64 -dynamic-linker /lib64/ld-linux-x86-64.so.2 -o cmTC_0fd26 /usr/lib/gcc/x86_64-unknown-linux-gnu/4.9.2/../../../../lib64/crt1.o /usr/lib/gcc/x86_64-unknown-linux-gnu/4.9.2/../../../../lib64/crti.o /usr/lib/gcc/x86_64-unknown-linux-gnu/4.9.2/crtbegin.o -L/usr/lib/gcc/x86_64-unknown-linux-gnu/4.9.2 -L/usr/lib/gcc/x86_64-unknown-linux-gnu/4.9.2/../../../../lib64 -L/lib/../lib64 -L/usr/lib/../lib64 -L/usr/lib/gcc/x86_64-unknown-linux-gnu/4.9.2/../../.. CMakeFiles/cmTC_0fd26.dir/CMakeCXXCompilerABI.cpp.o -lstdc++ -lm -lgcc_s -lgcc -lc -lgcc_s -lgcc /usr/lib/gcc/x86_64-unknown-linux-gnu/4.9.2/crtend.o /usr/lib/gcc/x86_64-unknown-linux-gnu/4.9.2/../../../../lib64/crtn.o]
    arg [/usr/libexec/gcc/x86_64-unknown-linux-gnu/4.9.2/collect2] ==> ignore
    arg [--eh-frame-hdr] ==> ignore
    arg [-m] ==> ignore
    arg [elf_x86_64] ==> ignore
    arg [-dynamic-linker] ==> ignore
    arg [/lib64/ld-linux-x86-64.so.2] ==> ignore
    arg [-o] ==> ignore
    arg [cmTC_0fd26] ==> ignore
    arg [/usr/lib/gcc/x86_64-unknown-linux-gnu/4.9.2/../../../../lib64/crt1.o] ==> ignore
    arg [/usr/lib/gcc/x86_64-unknown-linux-gnu/4.9.2/../../../../lib64/crti.o] ==> ignore
    arg [/usr/lib/gcc/x86_64-unknown-linux-gnu/4.9.2/crtbegin.o] ==> ignore
    arg [-L/usr/lib/gcc/x86_64-unknown-linux-gnu/4.9.2] ==> dir [/usr/lib/gcc/x86_64-unknown-linux-gnu/4.9.2]
    arg [-L/usr/lib/gcc/x86_64-unknown-linux-gnu/4.9.2/../../../../lib64] ==> dir [/usr/lib/gcc/x86_64-unknown-linux-gnu/4.9.2/../../../../lib64]
    arg [-L/lib/../lib64] ==> dir [/lib/../lib64]
    arg [-L/usr/lib/../lib64] ==> dir [/usr/lib/../lib64]
    arg [-L/usr/lib/gcc/x86_64-unknown-linux-gnu/4.9.2/../../..] ==> dir [/usr/lib/gcc/x86_64-unknown-linux-gnu/4.9.2/../../..]
    arg [CMakeFiles/cmTC_0fd26.dir/CMakeCXXCompilerABI.cpp.o] ==> ignore
    arg [-lstdc++] ==> lib [stdc++]
    arg [-lm] ==> lib [m]
    arg [-lgcc_s] ==> lib [gcc_s]
    arg [-lgcc] ==> lib [gcc]
    arg [-lc] ==> lib [c]
    arg [-lgcc_s] ==> lib [gcc_s]
    arg [-lgcc] ==> lib [gcc]
    arg [/usr/lib/gcc/x86_64-unknown-linux-gnu/4.9.2/crtend.o] ==> ignore
    arg [/usr/lib/gcc/x86_64-unknown-linux-gnu/4.9.2/../../../../lib64/crtn.o] ==> ignore
  collapse library dir [/usr/lib/gcc/x86_64-unknown-linux-gnu/4.9.2] ==> [/usr/lib/gcc/x86_64-unknown-linux-gnu/4.9.2]
  collapse library dir [/usr/lib/gcc/x86_64-unknown-linux-gnu/4.9.2/../../../../lib64] ==> [/usr/lib64]
  collapse library dir [/lib/../lib64] ==> [/lib64]
  collapse library dir [/usr/lib/../lib64] ==> [/usr/lib64]
  collapse library dir [/usr/lib/gcc/x86_64-unknown-linux-gnu/4.9.2/../../..] ==> [/usr/lib]
  implicit libs: [stdc++;m;gcc_s;gcc;c;gcc_s;gcc]
  implicit dirs: [/usr/lib/gcc/x86_64-unknown-linux-gnu/4.9.2;/usr/lib64;/lib64;/usr/lib]
  implicit fwks: []




Detecting CXX [-std=c++14] compiler features compiled with the following output:
Change Dir: /home/weikang/H-homework/Geant4/examples/basic/B1/build/CMakeFiles/CMakeTmp

Run Build Command(s):/usr/bin/gmake cmTC_e2850/fast && /usr/bin/gmake -f CMakeFiles/cmTC_e2850.dir/build.make CMakeFiles/cmTC_e2850.dir/build
gmake[1]: Entering directory `/home/weikang/H-homework/Geant4/examples/basic/B1/build/CMakeFiles/CMakeTmp'
Building CXX object CMakeFiles/cmTC_e2850.dir/feature_tests.cxx.o
/usr/bin/c++    -std=c++14 -o CMakeFiles/cmTC_e2850.dir/feature_tests.cxx.o -c /home/weikang/H-homework/Geant4/examples/basic/B1/build/CMakeFiles/feature_tests.cxx
Linking CXX executable cmTC_e2850
/home/weikang/A-software/cmake3.16/bin/cmake -E cmake_link_script CMakeFiles/cmTC_e2850.dir/link.txt --verbose=1
/usr/bin/c++       CMakeFiles/cmTC_e2850.dir/feature_tests.cxx.o  -o cmTC_e2850 
gmake[1]: Leaving directory `/home/weikang/H-homework/Geant4/examples/basic/B1/build/CMakeFiles/CMakeTmp'



    Feature record: CXX_FEATURE:1cxx_template_template_parameters
    Feature record: CXX_FEATURE:1cxx_alias_templates
    Feature record: CXX_FEATURE:1cxx_alignas
    Feature record: CXX_FEATURE:1cxx_alignof
    Feature record: CXX_FEATURE:1cxx_attributes
    Feature record: CXX_FEATURE:1cxx_auto_type
    Feature record: CXX_FEATURE:1cxx_constexpr
    Feature record: CXX_FEATURE:1cxx_decltype
    Feature record: CXX_FEATURE:1cxx_decltype_incomplete_return_types
    Feature record: CXX_FEATURE:1cxx_default_function_template_args
    Feature record: CXX_FEATURE:1cxx_defaulted_functions
    Feature record: CXX_FEATURE:1cxx_defaulted_move_initializers
    Feature record: CXX_FEATURE:1cxx_delegating_constructors
    Feature record: CXX_FEATURE:1cxx_deleted_functions
    Feature record: CXX_FEATURE:1cxx_enum_forward_declarations
    Feature record: CXX_FEATURE:1cxx_explicit_conversions
    Feature record: CXX_FEATURE:1cxx_extended_friend_declarations
    Feature record: CXX_FEATURE:1cxx_extern_templates
    Feature record: CXX_FEATURE:1cxx_final
    Feature record: CXX_FEATURE:1cxx_func_identifier
    Feature record: CXX_FEATURE:1cxx_generalized_initializers
    Feature record: CXX_FEATURE:1cxx_inheriting_constructors
    Feature record: CXX_FEATURE:1cxx_inline_namespaces
    Feature record: CXX_FEATURE:1cxx_lambdas
    Feature record: CXX_FEATURE:1cxx_local_type_template_args
    Feature record: CXX_FEATURE:1cxx_long_long_type
    Feature record: CXX_FEATURE:1cxx_noexcept
    Feature record: CXX_FEATURE:1cxx_nonstatic_member_init
    Feature record: CXX_FEATURE:1cxx_nullptr
    Feature record: CXX_FEATURE:1cxx_override
    Feature record: CXX_FEATURE:1cxx_range_for
    Feature record: CXX_FEATURE:1cxx_raw_string_literals
    Feature record: CXX_FEATURE:1cxx_reference_qualified_functions
    Feature record: CXX_FEATURE:1cxx_right_angle_brackets
    Feature record: CXX_FEATURE:1cxx_rvalue_references
    Feature record: CXX_FEATURE:1cxx_sizeof_member
    Feature record: CXX_FEATURE:1cxx_static_assert
    Feature record: CXX_FEATURE:1cxx_strong_enums
    Feature record: CXX_FEATURE:1cxx_thread_local
    Feature record: CXX_FEATURE:1cxx_trailing_return_types
    Feature record: CXX_FEATURE:1cxx_unicode_literals
    Feature record: CXX_FEATURE:1cxx_uniform_initialization
    Feature record: CXX_FEATURE:1cxx_unrestricted_unions
    Feature record: CXX_FEATURE:1cxx_user_literals
    Feature record: CXX_FEATURE:1cxx_variadic_macros
    Feature record: CXX_FEATURE:1cxx_variadic_templates
    Feature record: CXX_FEATURE:0cxx_aggregate_default_initializers
    Feature record: CXX_FEATURE:1cxx_attribute_deprecated
    Feature record: CXX_FEATURE:1cxx_binary_literals
    Feature record: CXX_FEATURE:1cxx_contextual_conversions
    Feature record: CXX_FEATURE:1cxx_decltype_auto
    Feature record: CXX_FEATURE:1cxx_digit_separators
    Feature record: CXX_FEATURE:1cxx_generic_lambdas
    Feature record: CXX_FEATURE:1cxx_lambda_init_captures
    Feature record: CXX_FEATURE:0cxx_relaxed_constexpr
    Feature record: CXX_FEATURE:1cxx_return_type_deduction
    Feature record: CXX_FEATURE:0cxx_variable_templates
Determining if the include file pthread.h exists passed with the following output:
Change Dir: /home/weikang/H-homework/Geant4/examples/basic/B1/build/CMakeFiles/CMakeTmp

Run Build Command(s):/usr/bin/gmake cmTC_465f1/fast && /usr/bin/gmake -f CMakeFiles/cmTC_465f1.dir/build.make CMakeFiles/cmTC_465f1.dir/build
gmake[1]: Entering directory `/home/weikang/H-homework/Geant4/examples/basic/B1/build/CMakeFiles/CMakeTmp'
Building C object CMakeFiles/cmTC_465f1.dir/CheckIncludeFile.c.o
/usr/bin/cc    -o CMakeFiles/cmTC_465f1.dir/CheckIncludeFile.c.o   -c /home/weikang/H-homework/Geant4/examples/basic/B1/build/CMakeFiles/CMakeTmp/CheckIncludeFile.c
Linking C executable cmTC_465f1
/home/weikang/A-software/cmake3.16/bin/cmake -E cmake_link_script CMakeFiles/cmTC_465f1.dir/link.txt --verbose=1
/usr/bin/cc      CMakeFiles/cmTC_465f1.dir/CheckIncludeFile.c.o  -o cmTC_465f1 
gmake[1]: Leaving directory `/home/weikang/H-homework/Geant4/examples/basic/B1/build/CMakeFiles/CMakeTmp'



Determining if the function XOpenDisplay exists in the /usr/lib64/libX11.so;/usr/lib64/libXext.so passed with the following output:
Change Dir: /home/weikang/H-homework/Geant4/examples/basic/B1/build/CMakeFiles/CMakeTmp

Run Build Command(s):/usr/bin/gmake cmTC_3e569/fast && /usr/bin/gmake -f CMakeFiles/cmTC_3e569.dir/build.make CMakeFiles/cmTC_3e569.dir/build
gmake[1]: Entering directory `/home/weikang/H-homework/Geant4/examples/basic/B1/build/CMakeFiles/CMakeTmp'
Building C object CMakeFiles/cmTC_3e569.dir/CheckFunctionExists.c.o
/usr/bin/cc   -DCHECK_FUNCTION_EXISTS=XOpenDisplay   -o CMakeFiles/cmTC_3e569.dir/CheckFunctionExists.c.o   -c /home/weikang/A-software/cmake3.16/share/cmake-3.16/Modules/CheckFunctionExists.c
Linking C executable cmTC_3e569
/home/weikang/A-software/cmake3.16/bin/cmake -E cmake_link_script CMakeFiles/cmTC_3e569.dir/link.txt --verbose=1
/usr/bin/cc  -DCHECK_FUNCTION_EXISTS=XOpenDisplay    CMakeFiles/cmTC_3e569.dir/CheckFunctionExists.c.o  -o cmTC_3e569  /usr/lib64/libX11.so /usr/lib64/libXext.so 
gmake[1]: Leaving directory `/home/weikang/H-homework/Geant4/examples/basic/B1/build/CMakeFiles/CMakeTmp'



Determining if the function gethostbyname exists passed with the following output:
Change Dir: /home/weikang/H-homework/Geant4/examples/basic/B1/build/CMakeFiles/CMakeTmp

Run Build Command(s):/usr/bin/gmake cmTC_7fcb9/fast && /usr/bin/gmake -f CMakeFiles/cmTC_7fcb9.dir/build.make CMakeFiles/cmTC_7fcb9.dir/build
gmake[1]: Entering directory `/home/weikang/H-homework/Geant4/examples/basic/B1/build/CMakeFiles/CMakeTmp'
Building C object CMakeFiles/cmTC_7fcb9.dir/CheckFunctionExists.c.o
/usr/bin/cc   -DCHECK_FUNCTION_EXISTS=gethostbyname   -o CMakeFiles/cmTC_7fcb9.dir/CheckFunctionExists.c.o   -c /home/weikang/A-software/cmake3.16/share/cmake-3.16/Modules/CheckFunctionExists.c
Linking C executable cmTC_7fcb9
/home/weikang/A-software/cmake3.16/bin/cmake -E cmake_link_script CMakeFiles/cmTC_7fcb9.dir/link.txt --verbose=1
/usr/bin/cc  -DCHECK_FUNCTION_EXISTS=gethostbyname    CMakeFiles/cmTC_7fcb9.dir/CheckFunctionExists.c.o  -o cmTC_7fcb9 
gmake[1]: Leaving directory `/home/weikang/H-homework/Geant4/examples/basic/B1/build/CMakeFiles/CMakeTmp'



Determining if the function connect exists passed with the following output:
Change Dir: /home/weikang/H-homework/Geant4/examples/basic/B1/build/CMakeFiles/CMakeTmp

Run Build Command(s):/usr/bin/gmake cmTC_29423/fast && /usr/bin/gmake -f CMakeFiles/cmTC_29423.dir/build.make CMakeFiles/cmTC_29423.dir/build
gmake[1]: Entering directory `/home/weikang/H-homework/Geant4/examples/basic/B1/build/CMakeFiles/CMakeTmp'
Building C object CMakeFiles/cmTC_29423.dir/CheckFunctionExists.c.o
/usr/bin/cc   -DCHECK_FUNCTION_EXISTS=connect   -o CMakeFiles/cmTC_29423.dir/CheckFunctionExists.c.o   -c /home/weikang/A-software/cmake3.16/share/cmake-3.16/Modules/CheckFunctionExists.c
Linking C executable cmTC_29423
/home/weikang/A-software/cmake3.16/bin/cmake -E cmake_link_script CMakeFiles/cmTC_29423.dir/link.txt --verbose=1
/usr/bin/cc  -DCHECK_FUNCTION_EXISTS=connect    CMakeFiles/cmTC_29423.dir/CheckFunctionExists.c.o  -o cmTC_29423 
gmake[1]: Leaving directory `/home/weikang/H-homework/Geant4/examples/basic/B1/build/CMakeFiles/CMakeTmp'



Determining if the function remove exists passed with the following output:
Change Dir: /home/weikang/H-homework/Geant4/examples/basic/B1/build/CMakeFiles/CMakeTmp

Run Build Command(s):/usr/bin/gmake cmTC_7708b/fast && /usr/bin/gmake -f CMakeFiles/cmTC_7708b.dir/build.make CMakeFiles/cmTC_7708b.dir/build
gmake[1]: Entering directory `/home/weikang/H-homework/Geant4/examples/basic/B1/build/CMakeFiles/CMakeTmp'
Building C object CMakeFiles/cmTC_7708b.dir/CheckFunctionExists.c.o
/usr/bin/cc   -DCHECK_FUNCTION_EXISTS=remove   -o CMakeFiles/cmTC_7708b.dir/CheckFunctionExists.c.o   -c /home/weikang/A-software/cmake3.16/share/cmake-3.16/Modules/CheckFunctionExists.c
Linking C executable cmTC_7708b
/home/weikang/A-software/cmake3.16/bin/cmake -E cmake_link_script CMakeFiles/cmTC_7708b.dir/link.txt --verbose=1
/usr/bin/cc  -DCHECK_FUNCTION_EXISTS=remove    CMakeFiles/cmTC_7708b.dir/CheckFunctionExists.c.o  -o cmTC_7708b 
gmake[1]: Leaving directory `/home/weikang/H-homework/Geant4/examples/basic/B1/build/CMakeFiles/CMakeTmp'



Determining if the function shmat exists passed with the following output:
Change Dir: /home/weikang/H-homework/Geant4/examples/basic/B1/build/CMakeFiles/CMakeTmp

Run Build Command(s):/usr/bin/gmake cmTC_50574/fast && /usr/bin/gmake -f CMakeFiles/cmTC_50574.dir/build.make CMakeFiles/cmTC_50574.dir/build
gmake[1]: Entering directory `/home/weikang/H-homework/Geant4/examples/basic/B1/build/CMakeFiles/CMakeTmp'
Building C object CMakeFiles/cmTC_50574.dir/CheckFunctionExists.c.o
/usr/bin/cc   -DCHECK_FUNCTION_EXISTS=shmat   -o CMakeFiles/cmTC_50574.dir/CheckFunctionExists.c.o   -c /home/weikang/A-software/cmake3.16/share/cmake-3.16/Modules/CheckFunctionExists.c
Linking C executable cmTC_50574
/home/weikang/A-software/cmake3.16/bin/cmake -E cmake_link_script CMakeFiles/cmTC_50574.dir/link.txt --verbose=1
/usr/bin/cc  -DCHECK_FUNCTION_EXISTS=shmat    CMakeFiles/cmTC_50574.dir/CheckFunctionExists.c.o  -o cmTC_50574 
gmake[1]: Leaving directory `/home/weikang/H-homework/Geant4/examples/basic/B1/build/CMakeFiles/CMakeTmp'



Determining if the function IceConnectionNumber exists in the ICE passed with the following output:
Change Dir: /home/weikang/H-homework/Geant4/examples/basic/B1/build/CMakeFiles/CMakeTmp

Run Build Command(s):/usr/bin/gmake cmTC_154d7/fast && /usr/bin/gmake -f CMakeFiles/cmTC_154d7.dir/build.make CMakeFiles/cmTC_154d7.dir/build
gmake[1]: Entering directory `/home/weikang/H-homework/Geant4/examples/basic/B1/build/CMakeFiles/CMakeTmp'
Building C object CMakeFiles/cmTC_154d7.dir/CheckFunctionExists.c.o
/usr/bin/cc   -DCHECK_FUNCTION_EXISTS=IceConnectionNumber   -o CMakeFiles/cmTC_154d7.dir/CheckFunctionExists.c.o   -c /home/weikang/A-software/cmake3.16/share/cmake-3.16/Modules/CheckFunctionExists.c
Linking C executable cmTC_154d7
/home/weikang/A-software/cmake3.16/bin/cmake -E cmake_link_script CMakeFiles/cmTC_154d7.dir/link.txt --verbose=1
/usr/bin/cc  -DCHECK_FUNCTION_EXISTS=IceConnectionNumber    CMakeFiles/cmTC_154d7.dir/CheckFunctionExists.c.o  -o cmTC_154d7  -lICE 
gmake[1]: Leaving directory `/home/weikang/H-homework/Geant4/examples/basic/B1/build/CMakeFiles/CMakeTmp'



