Performing C SOURCE FILE Test CMAKE_HAVE_LIBC_PTHREAD failed with the following output:
Change Dir: /home/weikang/H-homework/Geant4/examples/basic/B1/build/CMakeFiles/CMakeTmp

Run Build Command(s):/usr/bin/gmake cmTC_ed147/fast && /usr/bin/gmake -f CMakeFiles/cmTC_ed147.dir/build.make CMakeFiles/cmTC_ed147.dir/build
gmake[1]: Entering directory `/home/weikang/H-homework/Geant4/examples/basic/B1/build/CMakeFiles/CMakeTmp'
Building C object CMakeFiles/cmTC_ed147.dir/src.c.o
/usr/bin/cc   -DCMAKE_HAVE_LIBC_PTHREAD   -o CMakeFiles/cmTC_ed147.dir/src.c.o   -c /home/weikang/H-homework/Geant4/examples/basic/B1/build/CMakeFiles/CMakeTmp/src.c
Linking C executable cmTC_ed147
/home/weikang/A-software/cmake3.16/bin/cmake -E cmake_link_script CMakeFiles/cmTC_ed147.dir/link.txt --verbose=1
/usr/bin/cc  -DCMAKE_HAVE_LIBC_PTHREAD    CMakeFiles/cmTC_ed147.dir/src.c.o  -o cmTC_ed147 
CMakeFiles/cmTC_ed147.dir/src.c.o: In function `main':
src.c:(.text+0x2d): undefined reference to `pthread_create'
src.c:(.text+0x39): undefined reference to `pthread_detach'
src.c:(.text+0x4a): undefined reference to `pthread_join'
src.c:(.text+0x5e): undefined reference to `pthread_atfork'
collect2: error: ld returned 1 exit status
gmake[1]: *** [cmTC_ed147] Error 1
gmake[1]: Leaving directory `/home/weikang/H-homework/Geant4/examples/basic/B1/build/CMakeFiles/CMakeTmp'
gmake: *** [cmTC_ed147/fast] Error 2


Source file was:
#include <pthread.h>

void* test_func(void* data)
{
  return data;
}

int main(void)
{
  pthread_t thread;
  pthread_create(&thread, NULL, test_func, NULL);
  pthread_detach(thread);
  pthread_join(thread, NULL);
  pthread_atfork(NULL, NULL, NULL);
  pthread_exit(NULL);

  return 0;
}

